core/src/execution_integrity.rs:871:34: warning: manually reimplementing `div_ceil`: help: consider using `.div_ceil()`: `prompt_bytes.max(1).div_ceil(4)`
core/src/execution_integrity.rs:1026:35: warning: using `contains()` instead of `iter().any()` is more efficient: help: try: `rule.ports.contains(&target.port)`
core/src/jsonlines.rs:20:8: warning: needless call to `as_bytes`: help: `len()` can be called directly on strings: `line.len()`
core/src/orchestration.rs:998:14: warning: this `.filter_map(..)` can be written more simply using `.map(..)`
core/src/orchestration.rs:1758:22: warning: the borrowed expression implements the required traits: help: change this to: `missions_dir`
core/src/orchestration.rs:1758:79: warning: this expression creates a reference which is immediately dereferenced by the compiler: help: change this to: `missions_dir`
core/src/orchestration.rs:1760:75: warning: this expression creates a reference which is immediately dereferenced by the compiler: help: change this to: `missions_dir`
warning: `octon_core` (lib) generated 7 warnings (run `cargo clippy --fix --lib -p octon_core` to apply 6 suggestions)
wasm_host/src/host_api.rs:62:24: warning: useless conversion to the same type: `wasmtime::Error`: help: consider removing `.into()`: `anyhow::anyhow!("INVALID_INPUT: read-range max-bytes too large")`
wasm_host/src/host_api.rs:70:24: warning: useless conversion to the same type: `wasmtime::Error`: help: consider removing `.into()`: `anyhow::anyhow!("INVALID_INPUT: write too large")`
wasm_host/src/host_api.rs:80:17: warning: useless conversion to the same type: `wasmtime::Error`: help: consider removing `.into()`: `anyhow::anyhow!("INVALID_INPUT: create-file-exclusive payload too large")`
wasm_host/src/host_api.rs:88:37: warning: this operation has no effect: help: consider reducing it to: `1024`
wasm_host/src/host_api.rs:93:49: warning: this operation has no effect: help: consider reducing it to: `1024`
wasm_host/src/host_api.rs:244:36: warning: useless conversion to the same type: `wasmtime::Error`: help: consider removing `.into()`: `anyhow::anyhow!("HTTP_ERROR: response too large")`
wasm_host/src/host_api.rs:288:22: warning: useless conversion to the same type: `wasmtime::Error`: help: consider removing `.into()`: `anyhow::anyhow!("HTTP_ERROR: {}", e)`
wasm_host/src/host_api.rs:302:20: warning: useless conversion to the same type: `wasmtime::Error`: help: consider removing `.into()`: `anyhow::anyhow!("INVALID_INPUT: missing http method")`
wasm_host/src/host_api.rs:325:20: warning: useless conversion to the same type: `wasmtime::Error`: help: consider removing `.into()`: `anyhow::anyhow!("INVALID_INPUT: invalid http method '{}'", method)`
wasm_host/src/host_api.rs:334:24: warning: useless conversion to the same type: `wasmtime::Error`
wasm_host/src/host_api.rs:339:20: warning: useless conversion to the same type: `wasmtime::Error`: help: consider removing `.into()`: `anyhow::anyhow!("INVALID_INPUT: url must start with http://")`
wasm_host/src/host_api.rs:349:20: warning: useless conversion to the same type: `wasmtime::Error`: help: consider removing `.into()`: `anyhow::anyhow!("INVALID_INPUT: url missing host")`
wasm_host/src/host_api.rs:352:20: warning: useless conversion to the same type: `wasmtime::Error`: help: consider removing `.into()`: `anyhow::anyhow!("INVALID_INPUT: userinfo is not supported")`
wasm_host/src/host_api.rs:373:20: warning: useless conversion to the same type: `wasmtime::Error`: help: consider removing `.into()`: `anyhow::anyhow!("INVALID_INPUT: url path contains invalid characters")`
wasm_host/src/host_api.rs:396:24: warning: useless conversion to the same type: `wasmtime::Error`: help: consider removing `.into()`: `anyhow::anyhow!("INVALID_INPUT: empty ipv6 host")`
wasm_host/src/host_api.rs:404:24: warning: useless conversion to the same type: `wasmtime::Error`: help: consider removing `.into()`: `anyhow::anyhow!("INVALID_INPUT: malformed authority")`
wasm_host/src/host_api.rs:412:20: warning: useless conversion to the same type: `wasmtime::Error`: help: consider removing `.into()`: `anyhow::anyhow!("INVALID_INPUT: empty host")`
wasm_host/src/host_api.rs:415:20: warning: useless conversion to the same type: `wasmtime::Error`: help: consider removing `.into()`: `anyhow::anyhow!("INVALID_INPUT: ipv6 hosts must use brackets")`
wasm_host/src/host_api.rs:418:20: warning: useless conversion to the same type: `wasmtime::Error`: help: consider removing `.into()`: `anyhow::anyhow!("INVALID_INPUT: malformed host")`
wasm_host/src/host_api.rs:431:20: warning: useless conversion to the same type: `wasmtime::Error`: help: consider removing `.into()`: `anyhow::anyhow!("INVALID_INPUT: missing url port")`
wasm_host/src/host_api.rs:435:22: warning: useless conversion to the same type: `wasmtime::Error`: help: consider removing `.into()`: `anyhow::anyhow!("INVALID_INPUT: invalid url port '{}'", port_text)`
wasm_host/src/host_api.rs:449:32: warning: useless conversion to the same type: `wasmtime::Error`: help: consider removing `.into()`: `anyhow::anyhow!("TIMEOUT: http request timed out")`
wasm_host/src/host_api.rs:459:9: warning: useless conversion to the same type: `wasmtime::Error`: help: consider removing `.into()`: `anyhow::anyhow!("HTTP_ERROR: no resolved address for '{authority}'")`
wasm_host/src/host_api.rs:509:20: warning: useless conversion to the same type: `wasmtime::Error`: help: consider removing `.into()`: `anyhow::anyhow!("INVALID_INPUT: http header name cannot be empty")`
wasm_host/src/host_api.rs:531:20: warning: useless conversion to the same type: `wasmtime::Error`: help: consider removing `.into()`: `anyhow::anyhow!("INVALID_INPUT: invalid http header name '{}'", name)`
wasm_host/src/host_api.rs:538:20: warning: useless conversion to the same type: `wasmtime::Error`: help: consider removing `.into()`: `anyhow::anyhow!("INVALID_INPUT: invalid http header value")`
wasm_host/src/host_api.rs:592:24: warning: useless conversion to the same type: `wasmtime::Error`: help: consider removing `.into()`: `anyhow::anyhow!("HTTP_ERROR: truncated response body")`
wasm_host/src/host_api.rs:600:20: warning: useless conversion to the same type: `wasmtime::Error`: help: consider removing `.into()`: `anyhow::anyhow!("HTTP_ERROR: response body too large")`
wasm_host/src/host_api.rs:610:20: warning: useless conversion to the same type: `wasmtime::Error`: help: consider removing `.into()`: `anyhow::anyhow!("HTTP_ERROR: invalid status line")`
wasm_host/src/host_api.rs:616:22: warning: useless conversion to the same type: `wasmtime::Error`: help: consider removing `.into()`: `anyhow::anyhow!("HTTP_ERROR: invalid status code")`
wasm_host/src/host_api.rs:646:24: warning: useless conversion to the same type: `wasmtime::Error`: help: consider removing `.into()`: `anyhow::anyhow!("HTTP_ERROR: truncated chunked response")`
wasm_host/src/host_api.rs:650:24: warning: useless conversion to the same type: `wasmtime::Error`: help: consider removing `.into()`: `anyhow::anyhow!("HTTP_ERROR: response body too large")`
wasm_host/src/host_api.rs:654:24: warning: useless conversion to the same type: `wasmtime::Error`: help: consider removing `.into()`: `anyhow::anyhow!("HTTP_ERROR: malformed chunk terminator")`
wasm_host/src/host_api.rs:671:5: warning: useless conversion to the same type: `wasmtime::Error`: help: consider removing `.into()`: `anyhow::anyhow!("HTTP_ERROR: {err}")`
wasm_host/src/host_api.rs:677:13: warning: useless conversion to the same type: `wasmtime::Error`: help: consider removing `.into()`: `anyhow::anyhow!("TIMEOUT: http request timed out")`
wasm_host/src/host_api.rs:679:14: warning: useless conversion to the same type: `wasmtime::Error`: help: consider removing `.into()`: `anyhow::anyhow!("HTTP_ERROR: {err}")`
wasm_host/src/invoke.rs:42:5: warning: this function has too many arguments (10/7)
wasm_host/src/invoke.rs:89:12: warning: needless call to `as_bytes`: help: `len()` can be called directly on strings: `input_json.len()`
wasm_host/src/invoke.rs:96:34: warning: needless call to `as_bytes`: help: `len()` can be called directly on strings: `input_json.len()`
wasm_host/src/invoke.rs:186:12: warning: needless call to `as_bytes`: help: `len()` can be called directly on strings: `out_json.len()`
wasm_host/src/invoke.rs:193:35: warning: needless call to `as_bytes`: help: `len()` can be called directly on strings: `out_json.len()`
wasm_host/src/kv_store.rs:62:5: warning: struct `KvStore` has a public `len` method, but no `is_empty` method
wasm_host/src/kv_store.rs:169:5: warning: this can be `std::io::Error::other(_)`
wasm_host/src/policy.rs:31:17: warning: useless conversion to the same type: `wasmtime::Error`: help: consider removing `.into()`: `anyhow::anyhow!("CAPABILITY_DENIED: missing {cap}")`
wasm_host/src/run_component.rs:9:1: warning: this function has too many arguments (8/7)
wasm_host/src/run_component.rs:43:13: warning: manually reimplementing `div_ceil`: help: consider using `.div_ceil()`: `timeout_ms.div_ceil(tick_ms)`
wasm_host/src/scoped_fs.rs:125:12: warning: needless call to `as_bytes`: help: `len()` can be called directly on strings: `text.len()`
wasm_host/src/scoped_fs.rs:162:24: warning: this can be `std::io::Error::other(_)`
wasm_host/src/scoped_fs.rs:192:30: warning: this can be `std::io::Error::other(_)`
wasm_host/src/scoped_fs.rs:209:30: warning: this can be `std::io::Error::other(_)`
wasm_host/src/scoped_fs.rs:280:24: warning: this can be `std::io::Error::other(_)`
wasm_host/src/scoped_fs.rs:308:24: warning: this can be `std::io::Error::other(_)`
wasm_host/src/scoped_fs.rs:523:24: warning: this can be `std::io::Error::other(_)`
wasm_host/src/scoped_fs.rs:594:5: warning: this can be `std::io::Error::other(_)`
warning: `octon_wasm_host` (lib) generated 54 warnings (run `cargo clippy --fix --lib -p octon_wasm_host` to apply 51 suggestions)
policy_engine/src/lib.rs:560:1: warning: this `impl` can be derived
policy_engine/src/lib.rs:2081:16: warning: this boolean expression can be simplified
policy_engine/src/lib.rs:2194:1: warning: this function has too many arguments (9/7)
policy_engine/src/lib.rs:2205:5: warning: this `let...else` may be rewritten with the `?` operator: help: replace it with: `let config = policy.acp.docs_gate.as_ref()?;`
policy_engine/src/lib.rs:2281:1: warning: this function has too many arguments (9/7)
policy_engine/src/lib.rs:2292:5: warning: this `let...else` may be rewritten with the `?` operator: help: replace it with: `let config = policy.acp.telemetry_gate.as_ref()?;`
policy_engine/src/lib.rs:2383:1: warning: this function has too many arguments (9/7)
policy_engine/src/lib.rs:2394:5: warning: this `let...else` may be rewritten with the `?` operator: help: replace it with: `let config = policy.acp.flag_metadata_gate.as_ref()?;`
policy_engine/src/lib.rs:2560:30: warning: this `map_or` can be simplified
policy_engine/src/lib.rs:2679:5: warning: this `let...else` may be rewritten with the `?` operator: help: replace it with: `let config = policy.attestations.owner_attestation.as_ref()?;`
policy_engine/src/lib.rs:4506:1: warning: this function has too many arguments (9/7)
policy_engine/src/lib.rs:4535:1: warning: this function has too many arguments (8/7)
policy_engine/src/lib.rs:4793:5: warning: enclosing `Ok` and `?` operator are unneeded
policy_engine/src/lib.rs:4800:5: warning: enclosing `Ok` and `?` operator are unneeded
policy_engine/src/lib.rs:4810:5: warning: enclosing `Ok` and `?` operator are unneeded
authority_engine/src/implementation.rs:860:5: warning: field `tuple_id` is never read
authority_engine/src/implementation.rs:3217:1: warning: this function has too many arguments (8/7)
authority_engine/src/implementation.rs:3888:1: warning: this function has too many arguments (13/7)
authority_engine/src/implementation.rs:4198:5: warning: this `if` statement can be collapsed
authority_engine/src/implementation.rs:6146:1: warning: this function has too many arguments (14/7)
authority_engine/src/implementation.rs:6523:1: warning: this function has too many arguments (14/7)
authority_engine/src/implementation.rs:1915:49: warning: useless use of `vec!`
wasm_host/src/kv_store.rs:190:9: warning: used `assert_eq!` with a literal bool
core/src/orchestration.rs:2326:9: warning: used `assert_eq!` with a literal bool
assurance_tools/src/ci_latency.rs:611:23: warning: redundant closure: help: replace the closure with the function itself: `workflow_metric_cmp`
assurance_tools/src/main.rs:2026:25: warning: derefed type is same as origin: help: try: `findings`
assurance_tools/src/main.rs:3521:1: warning: this function has too many arguments (9/7)
assurance_tools/src/main.rs:3955:1: warning: this function has too many arguments (8/7)
assurance_tools/src/main.rs:4021:1: warning: this function has too many arguments (8/7)
warning: `policy_engine` (lib) generated 15 warnings (run `cargo clippy --fix --lib -p policy_engine` to apply 6 suggestions)
warning: `octon_authority_engine` (lib) generated 7 warnings (run `cargo clippy --fix --lib -p octon_authority_engine` to apply 2 suggestions)
warning: `octon_authority_engine` (lib test) generated 7 warnings (7 duplicates)
warning: `octon_wasm_host` (lib test) generated 55 warnings (54 duplicates) (run `cargo clippy --fix --lib -p octon_wasm_host --tests` to apply 1 suggestion)
warning: `octon_core` (lib test) generated 8 warnings (7 duplicates) (run `cargo clippy --fix --lib -p octon_core --tests` to apply 1 suggestion)
warning: `policy_engine` (lib test) generated 15 warnings (15 duplicates)
warning: `octon_assurance_tools` (bin "octon-assurance") generated 5 warnings (run `cargo clippy --fix --bin "octon-assurance" -p octon_assurance_tools` to apply 2 suggestions)
warning: `octon_assurance_tools` (bin "octon-assurance" test) generated 5 warnings (5 duplicates)
kernel/src/pipeline.rs:845:17: warning: needless call to `as_bytes`: help: `len()` can be called directly on strings: `rendered.len()`
kernel/src/workflow.rs:608:1: warning: this function has too many arguments (15/7)
kernel/src/workflow.rs:3646:21: warning: needless call to `as_bytes`: help: `len()` can be called directly on strings: `prompt_markdown.len()`
kernel/src/workflow.rs:3726:25: warning: field assignment outside of initializer for an instance created with Default::default()
kernel/src/workflow.rs:5095:1: warning: this function has too many arguments (10/7)
warning: `octon_kernel` (bin "octon" test) generated 5 warnings (run `cargo clippy --fix --bin "octon" -p octon_kernel --tests` to apply 2 suggestions)
warning: `octon_kernel` (bin "octon") generated 5 warnings (5 duplicates)
studio/src/app_state.rs:103:1: warning: all variants have the same postfix: `Id`
studio/src/app_state.rs:1462:9: warning: unneeded `return` statement
studio/src/app_state.rs:1540:9: warning: unneeded `return` statement
warning: `octon_studio` (bin "octon-studio" test) generated 3 warnings (run `cargo clippy --fix --bin "octon-studio" -p octon_studio --tests` to apply 2 suggestions)
warning: `octon_studio` (bin "octon-studio") generated 3 warnings (3 duplicates)
    Finished `dev` profile [unoptimized + debuginfo] target(s) in 0.27s
