== 12-closure ==
== Global Closure Assertion ==
[OK] closure manifest is complete
[OK] status matrix is complete
[OK] packet issues are closed
[OK] retirement registry is closed
[OK] retirement registry has no active architecture-critical entry
[OK] HarnessCard wording matches closure manifest
[OK] coverage ledger spans retained support surfaces
[OK] support-target declaration contains no liminal live entry
[OK] coverage ledger uses v2 schema
[OK] closure certificate uses v2 schema
[OK] proof-plane coverage artifact exists
[OK] closure proof ref resolves: .octon/state/evidence/disclosure/releases/2026-04-04-uec-global-completion/closure/pass2/03-runtime.log
[OK] closure proof ref resolves: .octon/state/evidence/disclosure/releases/2026-04-04-uec-global-completion/closure/pass2/06-capabilities.log
[OK] closure proof ref resolves: .octon/state/evidence/disclosure/releases/2026-04-04-uec-global-completion/closure/pass2/08-proof-planes.log
[OK] closure proof ref resolves: .octon/state/evidence/disclosure/releases/2026-04-04-uec-global-completion/closure/pass2/12-closure.log
[OK] closure proof ref resolves: .octon/state/evidence/disclosure/releases/2026-04-04-uec-global-completion/closure/pass2/09-replay.log
[OK] closure proof ref resolves: .octon/state/evidence/disclosure/releases/2026-04-04-uec-global-completion/closure/pass2/11-retirement.log
[OK] closure proof ref resolves: .octon/state/evidence/disclosure/releases/2026-04-04-uec-global-completion/closure/support-universe-coverage.yml
[OK] closure proof ref resolves: .octon/state/evidence/disclosure/releases/2026-04-04-uec-global-completion/closure/pass2/06-capabilities.log
[OK] closure proof ref resolves: .octon/state/evidence/disclosure/releases/2026-04-04-uec-global-completion/closure/pass2/06-capabilities.log
[OK] closure proof ref resolves: .octon/state/evidence/disclosure/releases/2026-04-04-uec-global-completion/closure/pass2/07-disclosure.log
[OK] closure proof ref resolves: .octon/state/evidence/validation/publication/unified-execution-constitution-closure/hidden-repair-detection.yml
[OK] closure proof ref resolves: .octon/state/evidence/disclosure/releases/2026-04-04-uec-global-completion/closure/proof-plane-coverage.yml
[OK] closure proof ref resolves: .octon/framework/assurance/evaluators/conformance/evaluator-independence.yml
Validation summary: errors=0
